#
# There is insufficient memory for the Java Runtime Environment to continue.
# Native memory allocation (mmap) failed to map 51380224 bytes for committing reserved memory.
# Possible reasons:
#   The system is out of physical RAM or swap space
#   In 32 bit mode, the process size limit was hit
# Possible solutions:
#   Reduce memory load on the system
#   Increase physical memory or swap space
#   Check if swap backing store is full
#   Use 64 bit Java on a 64 bit OS
#   Decrease Java heap size (-Xmx/-Xms)
#   Decrease number of Java threads
#   Decrease Java thread stack sizes (-Xss)
#   Set larger code cache with -XX:ReservedCodeCacheSize=
# This output file may be truncated or incomplete.
#
#  Out of Memory Error (os_linux.cpp:2671), pid=13558, tid=140711994287872
#
# JRE version: Java(TM) SE Runtime Environment (8.0_20-b26) (build 1.8.0_20-b26)
# Java VM: Java HotSpot(TM) 64-Bit Server VM (25.20-b23 mixed mode linux-amd64 compressed oops)
# Failed to write core dump. Core dumps have been disabled. To enable core dumping, try "ulimit -c unlimited" before starting Java again
#

---------------  T H R E A D  ---------------

Current thread (0x00007ffa2013a000):  VMThread [stack: 0x00007ffa105f6000,0x00007ffa106f7000] [id=13572]

Stack: [0x00007ffa105f6000,0x00007ffa106f7000],  sp=0x00007ffa106f51f0,  free space=1020k
Native frames: (J=compiled Java code, j=interpreted, Vv=VM code, C=native code)
V  [libjvm.so+0xa76cea]  VMError::report_and_die()+0x2ca
V  [libjvm.so+0x4e52fb]  report_vm_out_of_memory(char const*, int, unsigned long, VMErrorType, char const*)+0x8b
V  [libjvm.so+0x8e4ec3]  os::Linux::commit_memory_impl(char*, unsigned long, bool)+0x103
V  [libjvm.so+0x8e5419]  os::pd_commit_memory(char*, unsigned long, unsigned long, bool)+0x29
V  [libjvm.so+0x8df0ea]  os::commit_memory(char*, unsigned long, unsigned long, bool)+0x2a
V  [libjvm.so+0x94f1f3]  PSVirtualSpace::expand_by(unsigned long)+0x53
V  [libjvm.so+0x9505f8]  PSYoungGen::resize_generation(unsigned long, unsigned long)+0xf8
V  [libjvm.so+0x94f752]  PSYoungGen::resize(unsigned long, unsigned long)+0x22
V  [libjvm.so+0x94ca33]  PSScavenge::invoke_no_policy()+0xf53
V  [libjvm.so+0x94d1b1]  PSScavenge::invoke()+0x41
V  [libjvm.so+0x9070d0]  ParallelScavengeHeap::failed_mem_allocate(unsigned long)+0x70
V  [libjvm.so+0xa78367]  VM_ParallelGCFailedAllocation::doit()+0x97
V  [libjvm.so+0xa7fa85]  VM_Operation::evaluate()+0x55
V  [libjvm.so+0xa7de5a]  VMThread::evaluate_operation(VM_Operation*)+0xba
V  [libjvm.so+0xa7e1de]  VMThread::loop()+0x1ce
V  [libjvm.so+0xa7e650]  VMThread::run()+0x70
V  [libjvm.so+0x8e75f8]  java_start(Thread*)+0x108

VM_Operation (0x00007ffa28d62ad0): ParallelGCFailedAllocation, mode: safepoint, requested by thread 0x00007ffa2000a000


---------------  P R O C E S S  ---------------

Java Threads: ( => current thread )
  0x00007ffa20187000 JavaThread "Service Thread" daemon [_thread_blocked, id=13579, stack(0x00007ffa0971c000,0x00007ffa0981d000)]
  0x00007ffa20179800 JavaThread "C1 CompilerThread2" daemon [_thread_blocked, id=13578, stack(0x00007ffa0981d000,0x00007ffa0991e000)]
  0x00007ffa20177800 JavaThread "C2 CompilerThread1" daemon [_thread_blocked, id=13577, stack(0x00007ffa100f1000,0x00007ffa101f2000)]
  0x00007ffa20174800 JavaThread "C2 CompilerThread0" daemon [_thread_blocked, id=13576, stack(0x00007ffa101f2000,0x00007ffa102f3000)]
  0x00007ffa20173000 JavaThread "Signal Dispatcher" daemon [_thread_blocked, id=13575, stack(0x00007ffa102f3000,0x00007ffa103f4000)]
  0x00007ffa20143000 JavaThread "Finalizer" daemon [_thread_blocked, id=13574, stack(0x00007ffa103f4000,0x00007ffa104f5000)]
  0x00007ffa20141000 JavaThread "Reference Handler" daemon [_thread_blocked, id=13573, stack(0x00007ffa104f5000,0x00007ffa105f6000)]
  0x00007ffa2000a000 JavaThread "main" [_thread_blocked, id=13567, stack(0x00007ffa28c64000,0x00007ffa28d65000)]

Other Threads:
=>0x00007ffa2013a000 VMThread [stack: 0x00007ffa105f6000,0x00007ffa106f7000] [id=13572]
  0x00007ffa20189800 WatcherThread [stack: 0x00007ffa0961b000,0x00007ffa0971c000] [id=13580]

VM state:at safepoint (normal execution)

VM Mutex/Monitor currently owned by a thread:  ([mutex/lock_event])
[0x00007ffa20006240] Threads_lock - owner thread: 0x00007ffa2013a000
[0x00007ffa20006740] Heap_lock - owner thread: 0x00007ffa2000a000

Heap:
 PSYoungGen      total 85504K, used 24061K [0x00000000eab00000, 0x00000000f1600000, 0x0000000100000000)
  eden space 61440K, 0% used [0x00000000eab00000,0x00000000eab00000,0x00000000ee700000)
  from space 24064K, 99% used [0x00000000efe80000,0x00000000f15ff700,0x00000000f1600000)
  to   space 2560K, 0% used [0x00000000ee700000,0x00000000ee700000,0x00000000ee980000)
 ParOldGen       total 83968K, used 60625K [0x00000000c0000000, 0x00000000c5200000, 0x00000000eab00000)
  object space 83968K, 72% used [0x00000000c0000000,0x00000000c3b34540,0x00000000c5200000)
 Metaspace       used 5538K, capacity 6832K, committed 7040K, reserved 1056768K
  class space    used 543K, capacity 616K, committed 640K, reserved 1048576K

Card table byte_map: [0x00007ffa25886000,0x00007ffa25a87000] byte_map_base: 0x00007ffa25286000

Marking Bits: (ParMarkBitMap*) 0x00007ffa2813eac0
 Begin Bits: [0x00007ffa0a000000, 0x00007ffa0b000000)
 End Bits:   [0x00007ffa0b000000, 0x00007ffa0c000000)

Polling page: 0x00007ffa28d85000

CodeCache: size=245760Kb used=5789Kb max_used=5802Kb free=239970Kb
 bounds [0x00007ffa11000000, 0x00007ffa115c0000, 0x00007ffa20000000]
 total_blobs=1645 nmethods=1387 adapters=174
 compilation: enabled

Compilation events (10 events):
Event: 6,591 Thread 0x00007ffa20177800 nmethod 1402 0x00007ffa115a44d0 code [0x00007ffa115a49c0, 0x00007ffa115a7090]
Event: 6,591 Thread 0x00007ffa20177800 1411       4       com.android.dx.ssa.back.LivenessAnalyzer::run (231 bytes)
Event: 6,660 Thread 0x00007ffa20177800 nmethod 1411 0x00007ffa115ac810 code [0x00007ffa115acac0, 0x00007ffa115ada80]
Event: 6,661 Thread 0x00007ffa20177800 1426       4       java.util.HashMap::get (23 bytes)
Event: 6,673 Thread 0x00007ffa20177800 nmethod 1426 0x00007ffa115a03d0 code [0x00007ffa115a0580, 0x00007ffa115a0be8]
Event: 6,673 Thread 0x00007ffa20177800 1448   !   4       com.android.dx.rop.type.Type::intern (319 bytes)
Event: 6,706 Thread 0x00007ffa20177800 nmethod 1448 0x00007ffa115a1a10 code [0x00007ffa115a1c00, 0x00007ffa115a27d0]
Event: 6,706 Thread 0x00007ffa20177800 1452   !   4       com.android.dx.cf.code.BytecodeArray::parseInstruction (2764 bytes)
Event: 6,715 Thread 0x00007ffa20179800 1453       1       com.android.dx.rop.cst.TypedConstant::getFrameType (2 bytes)
Event: 6,715 Thread 0x00007ffa20179800 nmethod 1453 0x00007ffa115a1750 code [0x00007ffa115a18a0, 0x00007ffa115a19b0]

GC Heap History (10 events):
Event: 2,709 GC heap after
Heap after GC invocations=2 (full 0):
 PSYoungGen      total 33280K, used 2558K [0x00000000eab00000, 0x00000000ece00000, 0x0000000100000000)
  eden space 30720K, 0% used [0x00000000eab00000,0x00000000eab00000,0x00000000ec900000)
  from space 2560K, 99% used [0x00000000ecb80000,0x00000000ecdff8b8,0x00000000ece00000)
  to   space 2560K, 0% used [0x00000000ec900000,0x00000000ec900000,0x00000000ecb80000)
 ParOldGen       total 40960K, used 17677K [0x00000000c0000000, 0x00000000c2800000, 0x00000000eab00000)
  object space 40960K, 43% used [0x00000000c0000000,0x00000000c1143780,0x00000000c2800000)
 Metaspace       used 5213K, capacity 6576K, committed 6784K, reserved 1056768K
  class space    used 533K, capacity 616K, committed 640K, reserved 1048576K
}
Event: 2,729 GC heap before
{Heap before GC invocations=3 (full 0):
 PSYoungGen      total 33280K, used 33278K [0x00000000eab00000, 0x00000000ece00000, 0x0000000100000000)
  eden space 30720K, 100% used [0x00000000eab00000,0x00000000ec900000,0x00000000ec900000)
  from space 2560K, 99% used [0x00000000ecb80000,0x00000000ecdff8b8,0x00000000ece00000)
  to   space 2560K, 0% used [0x00000000ec900000,0x00000000ec900000,0x00000000ecb80000)
 ParOldGen       total 40960K, used 17677K [0x00000000c0000000, 0x00000000c2800000, 0x00000000eab00000)
  object space 40960K, 43% used [0x00000000c0000000,0x00000000c1143780,0x00000000c2800000)
 Metaspace       used 5213K, capacity 6576K, committed 6784K, reserved 1056768K
  class space    used 533K, capacity 616K, committed 640K, reserved 1048576K
Event: 2,752 GC heap after
Heap after GC invocations=3 (full 0):
 PSYoungGen      total 33280K, used 2539K [0x00000000eab00000, 0x00000000eec00000, 0x0000000100000000)
  eden space 30720K, 0% used [0x00000000eab00000,0x00000000eab00000,0x00000000ec900000)
  from space 2560K, 99% used [0x00000000ec900000,0x00000000ecb7af20,0x00000000ecb80000)
  to   space 2560K, 0% used [0x00000000ee980000,0x00000000ee980000,0x00000000eec00000)
 ParOldGen       total 40960K, used 38069K [0x00000000c0000000, 0x00000000c2800000, 0x00000000eab00000)
  object space 40960K, 92% used [0x00000000c0000000,0x00000000c252d780,0x00000000c2800000)
 Metaspace       used 5213K, capacity 6576K, committed 6784K, reserved 1056768K
  class space    used 533K, capacity 616K, committed 640K, reserved 1048576K
}
Event: 2,752 GC heap before
{Heap before GC invocations=4 (full 1):
 PSYoungGen      total 33280K, used 2539K [0x00000000eab00000, 0x00000000eec00000, 0x0000000100000000)
  eden space 30720K, 0% used [0x00000000eab00000,0x00000000eab00000,0x00000000ec900000)
  from space 2560K, 99% used [0x00000000ec900000,0x00000000ecb7af20,0x00000000ecb80000)
  to   space 2560K, 0% used [0x00000000ee980000,0x00000000ee980000,0x00000000eec00000)
 ParOldGen       total 40960K, used 38069K [0x00000000c0000000, 0x00000000c2800000, 0x00000000eab00000)
  object space 40960K, 92% used [0x00000000c0000000,0x00000000c252d780,0x00000000c2800000)
 Metaspace       used 5213K, capacity 6576K, committed 6784K, reserved 1056768K
  class space    used 533K, capacity 616K, committed 640K, reserved 1048576K
Event: 3,464 GC heap after
Heap after GC invocations=4 (full 1):
 PSYoungGen      total 33280K, used 0K [0x00000000eab00000, 0x00000000eec00000, 0x0000000100000000)
  eden space 30720K, 0% used [0x00000000eab00000,0x00000000eab00000,0x00000000ec900000)
  from space 2560K, 0% used [0x00000000ec900000,0x00000000ec900000,0x00000000ecb80000)
  to   space 2560K, 0% used [0x00000000ee980000,0x00000000ee980000,0x00000000eec00000)
 ParOldGen       total 83968K, used 36322K [0x00000000c0000000, 0x00000000c5200000, 0x00000000eab00000)
  object space 83968K, 43% used [0x00000000c0000000,0x00000000c2378908,0x00000000c5200000)
 Metaspace       used 5213K, capacity 6576K, committed 6784K, reserved 1056768K
  class space    used 533K, capacity 616K, committed 640K, reserved 1048576K
}
Event: 4,468 GC heap before
{Heap before GC invocations=5 (full 1):
 PSYoungGen      total 33280K, used 30720K [0x00000000eab00000, 0x00000000eec00000, 0x0000000100000000)
  eden space 30720K, 100% used [0x00000000eab00000,0x00000000ec900000,0x00000000ec900000)
  from space 2560K, 0% used [0x00000000ec900000,0x00000000ec900000,0x00000000ecb80000)
  to   space 2560K, 0% used [0x00000000ee980000,0x00000000ee980000,0x00000000eec00000)
 ParOldGen       total 83968K, used 36322K [0x00000000c0000000, 0x00000000c5200000, 0x00000000eab00000)
  object space 83968K, 43% used [0x00000000c0000000,0x00000000c2378908,0x00000000c5200000)
 Metaspace       used 5262K, capacity 6576K, committed 6784K, reserved 1056768K
  class space    used 535K, capacity 616K, committed 640K, reserved 1048576K
Event: 4,623 GC heap after
Heap after GC invocations=5 (full 1):
 PSYoungGen      total 47104K, used 2560K [0x00000000eab00000, 0x00000000eec00000, 0x0000000100000000)
  eden space 44544K, 0% used [0x00000000eab00000,0x00000000eab00000,0x00000000ed680000)
  from space 2560K, 100% used [0x00000000ee980000,0x00000000eec00000,0x00000000eec00000)
  to   space 2560K, 0% used [0x00000000ee700000,0x00000000ee700000,0x00000000ee980000)
 ParOldGen       total 83968K, used 39170K [0x00000000c0000000, 0x00000000c5200000, 0x00000000eab00000)
  object space 83968K, 46% used [0x00000000c0000000,0x00000000c2640918,0x00000000c5200000)
 Metaspace       used 5262K, capacity 6576K, committed 6784K, reserved 1056768K
  class space    used 535K, capacity 616K, committed 640K, reserved 1048576K
}
Event: 6,206 GC heap before
{Heap before GC invocations=6 (full 1):
 PSYoungGen      total 47104K, used 47104K [0x00000000eab00000, 0x00000000eec00000, 0x0000000100000000)
  eden space 44544K, 100% used [0x00000000eab00000,0x00000000ed680000,0x00000000ed680000)
  from space 2560K, 100% used [0x00000000ee980000,0x00000000eec00000,0x00000000eec00000)
  to   space 2560K, 0% used [0x00000000ee700000,0x00000000ee700000,0x00000000ee980000)
 ParOldGen       total 83968K, used 39170K [0x00000000c0000000, 0x00000000c5200000, 0x00000000eab00000)
  object space 83968K, 46% used [0x00000000c0000000,0x00000000c2640918,0x00000000c5200000)
 Metaspace       used 5484K, capacity 6768K, committed 7040K, reserved 1056768K
  class space    used 541K, capacity 616K, committed 640K, reserved 1048576K
Event: 6,234 GC heap after
Heap after GC invocations=6 (full 1):
 PSYoungGen      total 64000K, used 2560K [0x00000000eab00000, 0x00000000f1600000, 0x0000000100000000)
  eden space 61440K, 0% used [0x00000000eab00000,0x00000000eab00000,0x00000000ee700000)
  from space 2560K, 100% used [0x00000000ee700000,0x00000000ee980000,0x00000000ee980000)
  to   space 24064K, 0% used [0x00000000efe80000,0x00000000efe80000,0x00000000f1600000)
 ParOldGen       total 83968K, used 49567K [0x00000000c0000000, 0x00000000c5200000, 0x00000000eab00000)
  object space 83968K, 59% used [0x00000000c0000000,0x00000000c3067c70,0x00000000c5200000)
 Metaspace       used 5484K, capacity 6768K, committed 7040K, reserved 1056768K
  class space    used 541K, capacity 616K, committed 640K, reserved 1048576K
}
Event: 7,399 GC heap before
{Heap before GC invocations=7 (full 1):
 PSYoungGen      total 64000K, used 64000K [0x00000000eab00000, 0x00000000f1600000, 0x0000000100000000)
  eden space 61440K, 100% used [0x00000000eab00000,0x00000000ee700000,0x00000000ee700000)
  from space 2560K, 100% used [0x00000000ee700000,0x00000000ee980000,0x00000000ee980000)
  to   space 24064K, 0% used [0x00000000efe80000,0x00000000efe80000,0x00000000f1600000)
 ParOldGen       total 83968K, used 49567K [0x00000000c0000000, 0x00000000c5200000, 0x00000000eab00000)
  object space 83968K, 59% used [0x00000000c0000000,0x00000000c3067c70,0x00000000c5200000)
 Metaspace       used 5538K, capacity 6832K, committed 7040K, reserved 1056768K
  class space    used 543K, capacity 616K, committed 640K, reserved 1048576K

Deoptimization events (10 events):
Event: 6,097 Thread 0x00007ffa2000a000 Uncommon trap: reason=unreached action=reinterpret pc=0x00007ffa1133d350 method=com.android.dx.util.LabeledList.set(ILcom/android/dx/util/LabeledItem;)V @ 16
Event: 6,149 Thread 0x00007ffa2000a000 Uncommon trap: reason=bimorphic action=maybe_recompile pc=0x00007ffa11395f78 method=com.android.dx.rop.code.RegisterSpec.equals(ILcom/android/dx/rop/type/TypeBearer;Lcom/android/dx/rop/code/LocalItem;)Z @ 13
Event: 6,149 Thread 0x00007ffa2000a000 Uncommon trap: reason=bimorphic action=maybe_recompile pc=0x00007ffa11395f78 method=com.android.dx.rop.code.RegisterSpec.equals(ILcom/android/dx/rop/type/TypeBearer;Lcom/android/dx/rop/code/LocalItem;)Z @ 13
Event: 6,149 Thread 0x00007ffa2000a000 Uncommon trap: reason=bimorphic action=maybe_recompile pc=0x00007ffa11395f78 method=com.android.dx.rop.code.RegisterSpec.equals(ILcom/android/dx/rop/type/TypeBearer;Lcom/android/dx/rop/code/LocalItem;)Z @ 13
Event: 6,163 Thread 0x00007ffa2000a000 Uncommon trap: reason=bimorphic action=maybe_recompile pc=0x00007ffa11395f78 method=com.android.dx.rop.code.RegisterSpec.equals(ILcom/android/dx/rop/type/TypeBearer;Lcom/android/dx/rop/code/LocalItem;)Z @ 13
Event: 6,164 Thread 0x00007ffa2000a000 Uncommon trap: reason=bimorphic action=maybe_recompile pc=0x00007ffa1146cb04 method=com.android.dx.rop.code.RegisterSpec.equals(ILcom/android/dx/rop/type/TypeBearer;Lcom/android/dx/rop/code/LocalItem;)Z @ 13
Event: 6,266 Thread 0x00007ffa2000a000 Uncommon trap: reason=bimorphic action=maybe_recompile pc=0x00007ffa115037ec method=com.android.dx.ssa.LiteralOpUpgrader.tryReplacingWithConstant(Lcom/android/dx/ssa/NormalSsaInsn;)Z @ 62
Event: 6,266 Thread 0x00007ffa2000a000 Uncommon trap: reason=bimorphic action=maybe_recompile pc=0x00007ffa115037ec method=com.android.dx.ssa.LiteralOpUpgrader.tryReplacingWithConstant(Lcom/android/dx/ssa/NormalSsaInsn;)Z @ 62
Event: 6,266 Thread 0x00007ffa2000a000 Uncommon trap: reason=bimorphic action=maybe_recompile pc=0x00007ffa115037ec method=com.android.dx.ssa.LiteralOpUpgrader.tryReplacingWithConstant(Lcom/android/dx/ssa/NormalSsaInsn;)Z @ 62
Event: 6,266 Thread 0x00007ffa2000a000 Uncommon trap: reason=bimorphic action=maybe_recompile pc=0x00007ffa115037ec method=com.android.dx.ssa.LiteralOpUpgrader.tryReplacingWithConstant(Lcom/android/dx/ssa/NormalSsaInsn;)Z @ 62

Internal exceptions (10 events):
Event: 4,273 Thread 0x00007ffa2000a000 Exception <a 'java/security/PrivilegedActionException'> (0x00000000ec4bdaf8) thrown at [/HUDSON/workspace/8-2-build-linux-amd64/jdk8u20/1074/hotspot/src/share/vm/prims/jvm.cpp, line 1275]
Event: 5,482 Thread 0x00007ffa2000a000 Implicit null exception at 0x00007ffa1135f774 to 0x00007ffa113606c1
Event: 5,649 Thread 0x00007ffa2000a000 Exception <a 'java/security/PrivilegedActionException'> (0x00000000ed01bb78) thrown at [/HUDSON/workspace/8-2-build-linux-amd64/jdk8u20/1074/hotspot/src/share/vm/prims/jvm.cpp, line 1275]
Event: 5,650 Thread 0x00007ffa2000a000 Exception <a 'java/security/PrivilegedActionException'> (0x00000000ed01e1f0) thrown at [/HUDSON/workspace/8-2-build-linux-amd64/jdk8u20/1074/hotspot/src/share/vm/prims/jvm.cpp, line 1275]
Event: 5,651 Thread 0x00007ffa2000a000 Exception <a 'java/security/PrivilegedActionException'> (0x00000000ed021410) thrown at [/HUDSON/workspace/8-2-build-linux-amd64/jdk8u20/1074/hotspot/src/share/vm/prims/jvm.cpp, line 1275]
Event: 5,681 Thread 0x00007ffa2000a000 Exception <a 'java/security/PrivilegedActionException'> (0x00000000ed025020) thrown at [/HUDSON/workspace/8-2-build-linux-amd64/jdk8u20/1074/hotspot/src/share/vm/prims/jvm.cpp, line 1275]
Event: 5,764 Thread 0x00007ffa2000a000 Exception <a 'java/security/PrivilegedActionException'> (0x00000000ed027410) thrown at [/HUDSON/workspace/8-2-build-linux-amd64/jdk8u20/1074/hotspot/src/share/vm/prims/jvm.cpp, line 1275]
Event: 5,805 Thread 0x00007ffa2000a000 Exception <a 'java/security/PrivilegedActionException'> (0x00000000ed032110) thrown at [/HUDSON/workspace/8-2-build-linux-amd64/jdk8u20/1074/hotspot/src/share/vm/prims/jvm.cpp, line 1275]
Event: 6,025 Thread 0x00007ffa2000a000 Exception <a 'java/security/PrivilegedActionException'> (0x00000000ed2f1a10) thrown at [/HUDSON/workspace/8-2-build-linux-amd64/jdk8u20/1074/hotspot/src/share/vm/prims/jvm.cpp, line 1275]
Event: 6,067 Thread 0x00007ffa2000a000 Exception <a 'java/security/PrivilegedActionException'> (0x00000000ed353810) thrown at [/HUDSON/workspace/8-2-build-linux-amd64/jdk8u20/1074/hotspot/src/share/vm/prims/jvm.cpp, line 1275]

Events (10 events):
Event: 6,482 Thread 0x00007ffa2000a000 DEOPT UNPACKING pc=0x00007ffa11046f73 sp=0x00007ffa28d62850 mode 0
Event: 6,512 Thread 0x00007ffa2000a000 DEOPT PACKING pc=0x00007ffa1143d018 sp=0x00007ffa28d62d70
Event: 6,513 Thread 0x00007ffa2000a000 DEOPT UNPACKING pc=0x00007ffa11046f73 sp=0x00007ffa28d62b28 mode 0
Event: 6,544 loading class java/util/TreeMap$EntrySet
Event: 6,545 loading class java/util/TreeMap$EntrySet done
Event: 6,545 loading class java/util/TreeMap$EntryIterator
Event: 6,545 loading class java/util/TreeMap$EntryIterator done
Event: 6,545 Executing VM operation: Deoptimize
Event: 6,545 Executing VM operation: Deoptimize done
Event: 7,349 Executing VM operation: ParallelGCFailedAllocation


Dynamic libraries:
00400000-00401000 r-xp 00000000 08:05 9179233                            /usr/lib/jvm/java-8-oracle/jre/bin/java
00600000-00601000 rw-p 00000000 08:05 9179233                            /usr/lib/jvm/java-8-oracle/jre/bin/java
01138000-01159000 rw-p 00000000 00:00 0                                  [heap]
c0000000-c5200000 rw-p 00000000 00:00 0 
c5200000-eab00000 ---p 00000000 00:00 0 
eab00000-f1600000 rw-p 00000000 00:00 0 
f4700000-100000000 ---p 00000000 00:00 0 
100000000-1000a0000 rw-p 00000000 00:00 0 
1000a0000-140000000 ---p 00000000 00:00 0 
7ff9d4000000-7ff9d4021000 rw-p 00000000 00:00 0 
7ff9d4021000-7ff9d8000000 ---p 00000000 00:00 0 
7ff9d8000000-7ff9d8021000 rw-p 00000000 00:00 0 
7ff9d8021000-7ff9dc000000 ---p 00000000 00:00 0 
7ff9dc000000-7ff9dd6e2000 rw-p 00000000 00:00 0 
7ff9dd6e2000-7ff9e0000000 ---p 00000000 00:00 0 
7ff9e0000000-7ff9e05f2000 rw-p 00000000 00:00 0 
7ff9e05f2000-7ff9e4000000 ---p 00000000 00:00 0 
7ff9e4000000-7ff9e4021000 rw-p 00000000 00:00 0 
7ff9e4021000-7ff9e8000000 ---p 00000000 00:00 0 
7ff9e8000000-7ff9e8e3f000 rw-p 00000000 00:00 0 
7ff9e8e3f000-7ff9ec000000 ---p 00000000 00:00 0 
7ff9ec000000-7ff9ec021000 rw-p 00000000 00:00 0 
7ff9ec021000-7ff9f0000000 ---p 00000000 00:00 0 
7ff9f0000000-7ff9f0021000 rw-p 00000000 00:00 0 
7ff9f0021000-7ff9f4000000 ---p 00000000 00:00 0 
7ff9f4000000-7ff9f4021000 rw-p 00000000 00:00 0 
7ff9f4021000-7ff9f8000000 ---p 00000000 00:00 0 
7ff9f8000000-7ff9f82b2000 rw-p 00000000 00:00 0 
7ff9f82b2000-7ff9fc000000 ---p 00000000 00:00 0 
7ff9fc000000-7ff9fc021000 rw-p 00000000 00:00 0 
7ff9fc021000-7ffa00000000 ---p 00000000 00:00 0 
7ffa04000000-7ffa04021000 rw-p 00000000 00:00 0 
7ffa04021000-7ffa08000000 ---p 00000000 00:00 0 
7ffa0961b000-7ffa0961c000 ---p 00000000 00:00 0 
7ffa0961c000-7ffa0971c000 rw-p 00000000 00:00 0                          [stack:13580]
7ffa0971c000-7ffa0971f000 ---p 00000000 00:00 0 
7ffa0971f000-7ffa0981d000 rw-p 00000000 00:00 0                          [stack:13579]
7ffa0981d000-7ffa09820000 ---p 00000000 00:00 0 
7ffa09820000-7ffa0991e000 rw-p 00000000 00:00 0                          [stack:13578]
7ffa0991e000-7ffa0a000000 r--p 00000000 08:05 8395690                    /usr/lib/locale/locale-archive
7ffa0a000000-7ffa0c000000 rw-p 00000000 00:00 0 
7ffa0c000000-7ffa0c021000 rw-p 00000000 00:00 0 
7ffa0c021000-7ffa10000000 ---p 00000000 00:00 0 
7ffa100f1000-7ffa100f4000 ---p 00000000 00:00 0 
7ffa100f4000-7ffa101f2000 rw-p 00000000 00:00 0                          [stack:13577]
7ffa101f2000-7ffa101f5000 ---p 00000000 00:00 0 
7ffa101f5000-7ffa102f3000 rw-p 00000000 00:00 0                          [stack:13576]
7ffa102f3000-7ffa102f6000 ---p 00000000 00:00 0 
7ffa102f6000-7ffa103f4000 rw-p 00000000 00:00 0                          [stack:13575]
7ffa103f4000-7ffa103f7000 ---p 00000000 00:00 0 
7ffa103f7000-7ffa104f5000 rw-p 00000000 00:00 0                          [stack:13574]
7ffa104f5000-7ffa104f8000 ---p 00000000 00:00 0 
7ffa104f8000-7ffa105f6000 rw-p 00000000 00:00 0                          [stack:13573]
7ffa105f6000-7ffa105f7000 ---p 00000000 00:00 0 
7ffa105f7000-7ffa11000000 rw-p 00000000 00:00 0                          [stack:13572]
7ffa11000000-7ffa115c0000 rwxp 00000000 00:00 0 
7ffa115c0000-7ffa20000000 ---p 00000000 00:00 0 
7ffa20000000-7ffa20447000 rw-p 00000000 00:00 0 
7ffa20447000-7ffa24000000 ---p 00000000 00:00 0 
7ffa2405e000-7ffa24084000 r--p 00000000 08:05 9720599                    /usr/share/locale-langpack/es/LC_MESSAGES/libc.mo
7ffa24084000-7ffa240da000 r--s 00303000 00:19 11537737                   /home/uni/Dropbox/Informatica/Cuarto/proyecto/app/Reja/app/build/intermediates/exploded-aar/com.google.android.gms/play-services/6.5.87/classes.jar
7ffa240da000-7ffa246e0000 rw-p 00000000 00:00 0 
7ffa246e0000-7ffa248b6000 r--s 03ca8000 08:05 9179517                    /usr/lib/jvm/java-8-oracle/jre/lib/rt.jar
7ffa248b6000-7ffa24f6c000 rw-p 00000000 00:00 0 
7ffa24f6c000-7ffa2512c000 ---p 00000000 00:00 0 
7ffa2512c000-7ffa2532c000 rw-p 00000000 00:00 0 
7ffa2532c000-7ffa2532d000 ---p 00000000 00:00 0 
7ffa2532d000-7ffa2542d000 rw-p 00000000 00:00 0                          [stack:13571]
7ffa2542d000-7ffa2542e000 ---p 00000000 00:00 0 
7ffa2542e000-7ffa2552e000 rw-p 00000000 00:00 0                          [stack:13570]
7ffa2552e000-7ffa2552f000 ---p 00000000 00:00 0 
7ffa2552f000-7ffa2562f000 rw-p 00000000 00:00 0                          [stack:13569]
7ffa2562f000-7ffa25630000 ---p 00000000 00:00 0 
7ffa25630000-7ffa25759000 rw-p 00000000 00:00 0                          [stack:13568]
7ffa25759000-7ffa25886000 ---p 00000000 00:00 0 
7ffa25886000-7ffa258af000 rw-p 00000000 00:00 0 
7ffa258af000-7ffa259db000 ---p 00000000 00:00 0 
7ffa259db000-7ffa25a11000 rw-p 00000000 00:00 0 
7ffa25a11000-7ffa25a86000 ---p 00000000 00:00 0 
7ffa25a86000-7ffa25a9e000 rw-p 00000000 00:00 0 
7ffa25a9e000-7ffa25e47000 ---p 00000000 00:00 0 
7ffa25e47000-7ffa25e61000 r-xp 00000000 08:05 9179251                    /usr/lib/jvm/java-8-oracle/jre/lib/amd64/libzip.so
7ffa25e61000-7ffa26061000 ---p 0001a000 08:05 9179251                    /usr/lib/jvm/java-8-oracle/jre/lib/amd64/libzip.so
7ffa26061000-7ffa26062000 rw-p 0001a000 08:05 9179251                    /usr/lib/jvm/java-8-oracle/jre/lib/amd64/libzip.so
7ffa26062000-7ffa2606d000 r-xp 00000000 08:05 4725556                    /lib/x86_64-linux-gnu/libnss_files-2.19.so
7ffa2606d000-7ffa2626c000 ---p 0000b000 08:05 4725556                    /lib/x86_64-linux-gnu/libnss_files-2.19.so
7ffa2626c000-7ffa2626d000 r--p 0000a000 08:05 4725556                    /lib/x86_64-linux-gnu/libnss_files-2.19.so
7ffa2626d000-7ffa2626e000 rw-p 0000b000 08:05 4725556                    /lib/x86_64-linux-gnu/libnss_files-2.19.so
7ffa2626e000-7ffa26279000 r-xp 00000000 08:05 4725553                    /lib/x86_64-linux-gnu/libnss_nis-2.19.so
7ffa26279000-7ffa26478000 ---p 0000b000 08:05 4725553                    /lib/x86_64-linux-gnu/libnss_nis-2.19.so
7ffa26478000-7ffa26479000 r--p 0000a000 08:05 4725553                    /lib/x86_64-linux-gnu/libnss_nis-2.19.so
7ffa26479000-7ffa2647a000 rw-p 0000b000 08:05 4725553                    /lib/x86_64-linux-gnu/libnss_nis-2.19.so
7ffa2647a000-7ffa26491000 r-xp 00000000 08:05 4725547                    /lib/x86_64-linux-gnu/libnsl-2.19.so
7ffa26491000-7ffa26690000 ---p 00017000 08:05 4725547                    /lib/x86_64-linux-gnu/libnsl-2.19.so
7ffa26690000-7ffa26691000 r--p 00016000 08:05 4725547                    /lib/x86_64-linux-gnu/libnsl-2.19.so
7ffa26691000-7ffa26692000 rw-p 00017000 08:05 4725547                    /lib/x86_64-linux-gnu/libnsl-2.19.so
7ffa26692000-7ffa26694000 rw-p 00000000 00:00 0 
7ffa26694000-7ffa2669d000 r-xp 00000000 08:05 4725544                    /lib/x86_64-linux-gnu/libnss_compat-2.19.so
7ffa2669d000-7ffa2689c000 ---p 00009000 08:05 4725544                    /lib/x86_64-linux-gnu/libnss_compat-2.19.so
7ffa2689c000-7ffa2689d000 r--p 00008000 08:05 4725544                    /lib/x86_64-linux-gnu/libnss_compat-2.19.so
7ffa2689d000-7ffa2689e000 rw-p 00009000 08:05 4725544                    /lib/x86_64-linux-gnu/libnss_compat-2.19.so
7ffa2689e000-7ffa268c8000 r-xp 00000000 08:05 9179257                    /usr/lib/jvm/java-8-oracle/jre/lib/amd64/libjava.so
7ffa268c8000-7ffa26ac8000 ---p 0002a000 08:05 9179257                    /usr/lib/jvm/java-8-oracle/jre/lib/amd64/libjava.so
7ffa26ac8000-7ffa26aca000 rw-p 0002a000 08:05 9179257                    /usr/lib/jvm/java-8-oracle/jre/lib/amd64/libjava.so
7ffa26aca000-7ffa26ad7000 r-xp 00000000 08:05 9179280                    /usr/lib/jvm/java-8-oracle/jre/lib/amd64/libverify.so
7ffa26ad7000-7ffa26cd7000 ---p 0000d000 08:05 9179280                    /usr/lib/jvm/java-8-oracle/jre/lib/amd64/libverify.so
7ffa26cd7000-7ffa26cd9000 rw-p 0000d000 08:05 9179280                    /usr/lib/jvm/java-8-oracle/jre/lib/amd64/libverify.so
7ffa26cd9000-7ffa26ce0000 r-xp 00000000 08:05 4725539                    /lib/x86_64-linux-gnu/librt-2.19.so
7ffa26ce0000-7ffa26edf000 ---p 00007000 08:05 4725539                    /lib/x86_64-linux-gnu/librt-2.19.so
7ffa26edf000-7ffa26ee0000 r--p 00006000 08:05 4725539                    /lib/x86_64-linux-gnu/librt-2.19.so
7ffa26ee0000-7ffa26ee1000 rw-p 00007000 08:05 4725539                    /lib/x86_64-linux-gnu/librt-2.19.so
7ffa26ee1000-7ffa26fe6000 r-xp 00000000 08:05 4725546                    /lib/x86_64-linux-gnu/libm-2.19.so
7ffa26fe6000-7ffa271e5000 ---p 00105000 08:05 4725546                    /lib/x86_64-linux-gnu/libm-2.19.so
7ffa271e5000-7ffa271e6000 r--p 00104000 08:05 4725546                    /lib/x86_64-linux-gnu/libm-2.19.so
7ffa271e6000-7ffa271e7000 rw-p 00105000 08:05 4725546                    /lib/x86_64-linux-gnu/libm-2.19.so
7ffa271e7000-7ffa27e51000 r-xp 00000000 08:05 9179292                    /usr/lib/jvm/java-8-oracle/jre/lib/amd64/server/libjvm.so
7ffa27e51000-7ffa28050000 ---p 00c6a000 08:05 9179292                    /usr/lib/jvm/java-8-oracle/jre/lib/amd64/server/libjvm.so
7ffa28050000-7ffa28127000 rw-p 00c69000 08:05 9179292                    /usr/lib/jvm/java-8-oracle/jre/lib/amd64/server/libjvm.so
7ffa28127000-7ffa28169000 rw-p 00000000 00:00 0 
7ffa28169000-7ffa28324000 r-xp 00000000 08:05 4725538                    /lib/x86_64-linux-gnu/libc-2.19.so
7ffa28324000-7ffa28524000 ---p 001bb000 08:05 4725538                    /lib/x86_64-linux-gnu/libc-2.19.so
7ffa28524000-7ffa28528000 r--p 001bb000 08:05 4725538                    /lib/x86_64-linux-gnu/libc-2.19.so
7ffa28528000-7ffa2852a000 rw-p 001bf000 08:05 4725538                    /lib/x86_64-linux-gnu/libc-2.19.so
7ffa2852a000-7ffa2852f000 rw-p 00000000 00:00 0 
7ffa2852f000-7ffa28532000 r-xp 00000000 08:05 4725542                    /lib/x86_64-linux-gnu/libdl-2.19.so
7ffa28532000-7ffa28731000 ---p 00003000 08:05 4725542                    /lib/x86_64-linux-gnu/libdl-2.19.so
7ffa28731000-7ffa28732000 r--p 00002000 08:05 4725542                    /lib/x86_64-linux-gnu/libdl-2.19.so
7ffa28732000-7ffa28733000 rw-p 00003000 08:05 4725542                    /lib/x86_64-linux-gnu/libdl-2.19.so
7ffa28733000-7ffa28748000 r-xp 00000000 08:05 9179295                    /usr/lib/jvm/java-8-oracle/jre/lib/amd64/jli/libjli.so
7ffa28748000-7ffa28947000 ---p 00015000 08:05 9179295                    /usr/lib/jvm/java-8-oracle/jre/lib/amd64/jli/libjli.so
7ffa28947000-7ffa28948000 rw-p 00014000 08:05 9179295                    /usr/lib/jvm/java-8-oracle/jre/lib/amd64/jli/libjli.so
7ffa28948000-7ffa28961000 r-xp 00000000 08:05 4725555                    /lib/x86_64-linux-gnu/libpthread-2.19.so
7ffa28961000-7ffa28b60000 ---p 00019000 08:05 4725555                    /lib/x86_64-linux-gnu/libpthread-2.19.so
7ffa28b60000-7ffa28b61000 r--p 00018000 08:05 4725555                    /lib/x86_64-linux-gnu/libpthread-2.19.so
7ffa28b61000-7ffa28b62000 rw-p 00019000 08:05 4725555                    /lib/x86_64-linux-gnu/libpthread-2.19.so
7ffa28b62000-7ffa28b66000 rw-p 00000000 00:00 0 
7ffa28b66000-7ffa28b89000 r-xp 00000000 08:05 4724428                    /lib/x86_64-linux-gnu/ld-2.19.so
7ffa28b9f000-7ffa28ba6000 r--s 00000000 08:05 8790300                    /usr/lib/x86_64-linux-gnu/gconv/gconv-modules.cache
7ffa28ba6000-7ffa28c64000 rw-p 00000000 00:00 0 
7ffa28c64000-7ffa28c67000 ---p 00000000 00:00 0 
7ffa28c67000-7ffa28d69000 rw-p 00000000 00:00 0                          [stack:13567]
7ffa28d6c000-7ffa28d6d000 rw-p 00000000 00:00 0 
7ffa28d6d000-7ffa28d7c000 r--s 000dd000 00:19 3670502                    /home/uni/Android/Sdk/build-tools/21.1.2/lib/dx.jar
7ffa28d7c000-7ffa28d84000 rw-s 00000000 08:05 3670429                    /tmp/hsperfdata_uni/13558
7ffa28d84000-7ffa28d85000 rw-p 00000000 00:00 0 
7ffa28d85000-7ffa28d86000 ---p 00000000 00:00 0 
7ffa28d86000-7ffa28d88000 rw-p 00000000 00:00 0 
7ffa28d88000-7ffa28d89000 r--p 00022000 08:05 4724428                    /lib/x86_64-linux-gnu/ld-2.19.so
7ffa28d89000-7ffa28d8a000 rw-p 00023000 08:05 4724428                    /lib/x86_64-linux-gnu/ld-2.19.so
7ffa28d8a000-7ffa28d8b000 rw-p 00000000 00:00 0 
7fff3ca56000-7fff3ca77000 rw-p 00000000 00:00 0                          [stack]
7fff3cbfe000-7fff3cc00000 r-xp 00000000 00:00 0                          [vdso]
ffffffffff600000-ffffffffff601000 r-xp 00000000 00:00 0                  [vsyscall]

VM Arguments:
jvm_args: -Xmx1024M 
java_command: /home/uni/Android/Sdk/build-tools/21.1.2/lib/dx.jar --dex --output /home/uni/Dropbox/Informatica/Cuarto/proyecto/app/Reja/app/build/intermediates/pre-dexed/debug/classes-f38f10a7ed93e0f6f288ffb7bdfd44de593f9832.jar /home/uni/Dropbox/Informatica/Cuarto/proyecto/app/Reja/app/build/intermediates/exploded-aar/com.google.android.gms/play-services/6.5.87/classes.jar
java_class_path (initial): /home/uni/Android/Sdk/build-tools/21.1.2/lib/dx.jar
Launcher Type: SUN_STANDARD

Environment Variables:
CLASSPATH=/home/uni/android-studio/bin/../lib/bootstrap.jar:/home/uni/android-studio/bin/../lib/extensions.jar:/home/uni/android-studio/bin/../lib/util.jar:/home/uni/android-studio/bin/../lib/jdom.jar:/home/uni/android-studio/bin/../lib/log4j.jar:/home/uni/android-studio/bin/../lib/trove4j.jar:/home/uni/android-studio/bin/../lib/jna.jar:/usr/lib/jvm/java-8-oracle/lib/tools.jar
PATH=/usr/local/sbin:/usr/local/bin:/usr/sbin:/usr/bin:/sbin:/bin:/usr/games:/usr/local/games:/home/uni/android-studio/bin/
USERNAME=uni
LD_LIBRARY_PATH=/home/uni/android-studio/bin:/usr/lib32
SHELL=/bin/bash
DISPLAY=:0.0

Signal Handlers:
SIGSEGV: 