#
# There is insufficient memory for the Java Runtime Environment to continue.
# Native memory allocation (mmap) failed to map 89128960 bytes for committing reserved memory.
# Possible reasons:
#   The system is out of physical RAM or swap space
#   In 32 bit mode, the process size limit was hit
# Possible solutions:
#   Reduce memory load on the system
#   Increase physical memory or swap space
#   Check if swap backing store is full
#   Use 64 bit Java on a 64 bit OS
#   Decrease Java heap size (-Xmx/-Xms)
#   Decrease number of Java threads
#   Decrease Java thread stack sizes (-Xss)
#   Set larger code cache with -XX:ReservedCodeCacheSize=
# This output file may be truncated or incomplete.
#
#  Out of Memory Error (os_linux.cpp:2671), pid=13493, tid=139673941812992
#
# JRE version: Java(TM) SE Runtime Environment (8.0_20-b26) (build 1.8.0_20-b26)
# Java VM: Java HotSpot(TM) 64-Bit Server VM (25.20-b23 mixed mode linux-amd64 compressed oops)
# Failed to write core dump. Core dumps have been disabled. To enable core dumping, try "ulimit -c unlimited" before starting Java again
#

---------------  T H R E A D  ---------------

Current thread (0x00007f087813a000):  VMThread [stack: 0x00007f085f9fa000,0x00007f085fafb000] [id=13507]

Stack: [0x00007f085f9fa000,0x00007f085fafb000],  sp=0x00007f085faf9270,  free space=1020k
Native frames: (J=compiled Java code, j=interpreted, Vv=VM code, C=native code)
V  [libjvm.so+0xa76cea]  VMError::report_and_die()+0x2ca
V  [libjvm.so+0x4e52fb]  report_vm_out_of_memory(char const*, int, unsigned long, VMErrorType, char const*)+0x8b
V  [libjvm.so+0x8e4ec3]  os::Linux::commit_memory_impl(char*, unsigned long, bool)+0x103
V  [libjvm.so+0x8e5419]  os::pd_commit_memory(char*, unsigned long, unsigned long, bool)+0x29
V  [libjvm.so+0x8df0ea]  os::commit_memory(char*, unsigned long, unsigned long, bool)+0x2a
V  [libjvm.so+0x94f1f3]  PSVirtualSpace::expand_by(unsigned long)+0x53
V  [libjvm.so+0x9505f8]  PSYoungGen::resize_generation(unsigned long, unsigned long)+0xf8
V  [libjvm.so+0x94f752]  PSYoungGen::resize(unsigned long, unsigned long)+0x22
V  [libjvm.so+0x94ca33]  PSScavenge::invoke_no_policy()+0xf53
V  [libjvm.so+0x94d1b1]  PSScavenge::invoke()+0x41
V  [libjvm.so+0x9070d0]  ParallelScavengeHeap::failed_mem_allocate(unsigned long)+0x70
V  [libjvm.so+0xa78367]  VM_ParallelGCFailedAllocation::doit()+0x97
V  [libjvm.so+0xa7fa85]  VM_Operation::evaluate()+0x55
V  [libjvm.so+0xa7de5a]  VMThread::evaluate_operation(VM_Operation*)+0xba
V  [libjvm.so+0xa7e1de]  VMThread::loop()+0x1ce
V  [libjvm.so+0xa7e650]  VMThread::run()+0x70
V  [libjvm.so+0x8e75f8]  java_start(Thread*)+0x108

VM_Operation (0x00007f087e1109f0): ParallelGCFailedAllocation, mode: safepoint, requested by thread 0x00007f087800a000


---------------  P R O C E S S  ---------------

Java Threads: ( => current thread )
  0x00007f0878187000 JavaThread "Service Thread" daemon [_thread_blocked, id=13514, stack(0x00007f085ec11000,0x00007f085ed12000)]
  0x00007f0878179800 JavaThread "C1 CompilerThread2" daemon [_thread_blocked, id=13513, stack(0x00007f085ed12000,0x00007f085ee13000)]
  0x00007f0878177800 JavaThread "C2 CompilerThread1" daemon [_thread_blocked, id=13512, stack(0x00007f085ee13000,0x00007f085ef14000)]
  0x00007f0878174800 JavaThread "C2 CompilerThread0" daemon [_thread_blocked, id=13511, stack(0x00007f085ef14000,0x00007f085f015000)]
  0x00007f0878173000 JavaThread "Signal Dispatcher" daemon [_thread_blocked, id=13510, stack(0x00007f085f015000,0x00007f085f116000)]
  0x00007f0878143000 JavaThread "Finalizer" daemon [_thread_blocked, id=13509, stack(0x00007f085f7f8000,0x00007f085f8f9000)]
  0x00007f0878141000 JavaThread "Reference Handler" daemon [_thread_blocked, id=13508, stack(0x00007f085f8f9000,0x00007f085f9fa000)]
  0x00007f087800a000 JavaThread "main" [_thread_blocked, id=13502, stack(0x00007f087e012000,0x00007f087e113000)]

Other Threads:
=>0x00007f087813a000 VMThread [stack: 0x00007f085f9fa000,0x00007f085fafb000] [id=13507]
  0x00007f0878189800 WatcherThread [stack: 0x00007f085eb10000,0x00007f085ec11000] [id=13515]

VM state:at safepoint (normal execution)

VM Mutex/Monitor currently owned by a thread:  ([mutex/lock_event])
[0x00007f0878006240] Threads_lock - owner thread: 0x00007f087813a000
[0x00007f0878006740] Heap_lock - owner thread: 0x00007f087800a000

Heap:
 PSYoungGen      total 58368K, used 2558K [0x00000000eab00000, 0x00000000eec00000, 0x0000000100000000)
  eden space 55808K, 0% used [0x00000000eab00000,0x00000000eab00000,0x00000000ee180000)
  from space 2560K, 99% used [0x00000000ee700000,0x00000000ee97f850,0x00000000ee980000)
  to   space 2560K, 0% used [0x00000000ee980000,0x00000000ee980000,0x00000000eec00000)
 ParOldGen       total 78848K, used 55003K [0x00000000c0000000, 0x00000000c4d00000, 0x00000000eab00000)
  object space 78848K, 69% used [0x00000000c0000000,0x00000000c35b6e18,0x00000000c4d00000)
 Metaspace       used 5519K, capacity 6832K, committed 7040K, reserved 1056768K
  class space    used 541K, capacity 616K, committed 640K, reserved 1048576K

Card table byte_map: [0x00007f0867bad000,0x00007f0867dae000] byte_map_base: 0x00007f08675ad000

Marking Bits: (ParMarkBitMap*) 0x00007f087d4ecac0
 Begin Bits: [0x00007f0865653000, 0x00007f0866653000)
 End Bits:   [0x00007f0866653000, 0x00007f0867653000)

Polling page: 0x00007f087e133000

CodeCache: size=245760Kb used=5754Kb max_used=5765Kb free=240005Kb
 bounds [0x00007f086816e000, 0x00007f086871e000, 0x00007f087716e000]
 total_blobs=1652 nmethods=1394 adapters=174
 compilation: enabled

Compilation events (10 events):
Event: 4,307 Thread 0x00007f0878179800 nmethod 1443% 0x00007f086870b5d0 code [0x00007f086870b900, 0x00007f086870d7c8]
Event: 4,308 Thread 0x00007f0878177800 nmethod 1432 0x00007f086870e950 code [0x00007f086870f0c0, 0x00007f0868710388]
Event: 4,308 Thread 0x00007f0878177800 1324       4       com.android.dx.ssa.SsaMethod::forEachInsn (36 bytes)
Event: 4,318 Thread 0x00007f0878177800 nmethod 1324 0x00007f0868709390 code [0x00007f0868709540, 0x00007f0868709968]
Event: 4,318 Thread 0x00007f0878177800 1444       4       com.android.dx.ssa.NormalSsaInsn::getLocalAssignment (54 bytes)
Event: 4,320 Thread 0x00007f0878179800 1445 %     3       com.android.dx.ssa.Dominators::run @ 403 (506 bytes)
Event: 4,320 Thread 0x00007f0878177800 nmethod 1444 0x00007f08687121d0 code [0x00007f0868712320, 0x00007f0868712408]
Event: 4,320 Thread 0x00007f0878177800 1321       4       com.android.dx.ssa.SsaInsn::<init> (29 bytes)
Event: 4,321 Thread 0x00007f0878177800 nmethod 1321 0x00007f0868570110 code [0x00007f0868570260, 0x00007f08685702f8]
Event: 4,321 Thread 0x00007f0878177800 1304       4       com.android.dx.rop.code.RegisterSpec::make (7 bytes)

GC Heap History (10 events):
Event: 2,108 GC heap after
Heap after GC invocations=1 (full 0):
 PSYoungGen      total 17920K, used 2545K [0x00000000eab00000, 0x00000000ece00000, 0x0000000100000000)
  eden space 15360K, 0% used [0x00000000eab00000,0x00000000eab00000,0x00000000eba00000)
  from space 2560K, 99% used [0x00000000eba00000,0x00000000ebc7c4d0,0x00000000ebc80000)
  to   space 2560K, 0% used [0x00000000ecb80000,0x00000000ecb80000,0x00000000ece00000)
 ParOldGen       total 40960K, used 5014K [0x00000000c0000000, 0x00000000c2800000, 0x00000000eab00000)
  object space 40960K, 12% used [0x00000000c0000000,0x00000000c04e58f8,0x00000000c2800000)
 Metaspace       used 5190K, capacity 6512K, committed 6784K, reserved 1056768K
  class space    used 533K, capacity 616K, committed 640K, reserved 1048576K
}
Event: 2,335 GC heap before
{Heap before GC invocations=2 (full 0):
 PSYoungGen      total 17920K, used 17905K [0x00000000eab00000, 0x00000000ece00000, 0x0000000100000000)
  eden space 15360K, 100% used [0x00000000eab00000,0x00000000eba00000,0x00000000eba00000)
  from space 2560K, 99% used [0x00000000eba00000,0x00000000ebc7c4d0,0x00000000ebc80000)
  to   space 2560K, 0% used [0x00000000ecb80000,0x00000000ecb80000,0x00000000ece00000)
 ParOldGen       total 40960K, used 5014K [0x00000000c0000000, 0x00000000c2800000, 0x00000000eab00000)
  object space 40960K, 12% used [0x00000000c0000000,0x00000000c04e58f8,0x00000000c2800000)
 Metaspace       used 5211K, capacity 6576K, committed 6784K, reserved 1056768K
  class space    used 533K, capacity 616K, committed 640K, reserved 1048576K
Event: 2,351 GC heap after
Heap after GC invocations=2 (full 0):
 PSYoungGen      total 33280K, used 2547K [0x00000000eab00000, 0x00000000ece00000, 0x0000000100000000)
  eden space 30720K, 0% used [0x00000000eab00000,0x00000000eab00000,0x00000000ec900000)
  from space 2560K, 99% used [0x00000000ecb80000,0x00000000ecdfccf8,0x00000000ece00000)
  to   space 2560K, 0% used [0x00000000ec900000,0x00000000ec900000,0x00000000ecb80000)
 ParOldGen       total 40960K, used 18236K [0x00000000c0000000, 0x00000000c2800000, 0x00000000eab00000)
  object space 40960K, 44% used [0x00000000c0000000,0x00000000c11cf228,0x00000000c2800000)
 Metaspace       used 5211K, capacity 6576K, committed 6784K, reserved 1056768K
  class space    used 533K, capacity 616K, committed 640K, reserved 1048576K
}
Event: 2,370 GC heap before
{Heap before GC invocations=3 (full 0):
 PSYoungGen      total 33280K, used 33267K [0x00000000eab00000, 0x00000000ece00000, 0x0000000100000000)
  eden space 30720K, 100% used [0x00000000eab00000,0x00000000ec900000,0x00000000ec900000)
  from space 2560K, 99% used [0x00000000ecb80000,0x00000000ecdfccf8,0x00000000ece00000)
  to   space 2560K, 0% used [0x00000000ec900000,0x00000000ec900000,0x00000000ecb80000)
 ParOldGen       total 40960K, used 18236K [0x00000000c0000000, 0x00000000c2800000, 0x00000000eab00000)
  object space 40960K, 44% used [0x00000000c0000000,0x00000000c11cf228,0x00000000c2800000)
 Metaspace       used 5211K, capacity 6576K, committed 6784K, reserved 1056768K
  class space    used 533K, capacity 616K, committed 640K, reserved 1048576K
Event: 2,411 GC heap after
Heap after GC invocations=3 (full 0):
 PSYoungGen      total 33280K, used 2539K [0x00000000eab00000, 0x00000000eec00000, 0x0000000100000000)
  eden space 30720K, 0% used [0x00000000eab00000,0x00000000eab00000,0x00000000ec900000)
  from space 2560K, 99% used [0x00000000ec900000,0x00000000ecb7ac08,0x00000000ecb80000)
  to   space 2560K, 0% used [0x00000000ee980000,0x00000000ee980000,0x00000000eec00000)
 ParOldGen       total 40960K, used 38665K [0x00000000c0000000, 0x00000000c2800000, 0x00000000eab00000)
  object space 40960K, 94% used [0x00000000c0000000,0x00000000c25c2458,0x00000000c2800000)
 Metaspace       used 5211K, capacity 6576K, committed 6784K, reserved 1056768K
  class space    used 533K, capacity 616K, committed 640K, reserved 1048576K
}
Event: 2,456 GC heap before
{Heap before GC invocations=4 (full 1):
 PSYoungGen      total 33280K, used 2539K [0x00000000eab00000, 0x00000000eec00000, 0x0000000100000000)
  eden space 30720K, 0% used [0x00000000eab00000,0x00000000eab00000,0x00000000ec900000)
  from space 2560K, 99% used [0x00000000ec900000,0x00000000ecb7ac08,0x00000000ecb80000)
  to   space 2560K, 0% used [0x00000000ee980000,0x00000000ee980000,0x00000000eec00000)
 ParOldGen       total 40960K, used 38665K [0x00000000c0000000, 0x00000000c2800000, 0x00000000eab00000)
  object space 40960K, 94% used [0x00000000c0000000,0x00000000c25c2458,0x00000000c2800000)
 Metaspace       used 5211K, capacity 6576K, committed 6784K, reserved 1056768K
  class space    used 533K, capacity 616K, committed 640K, reserved 1048576K
Event: 2,561 GC heap after
Heap after GC invocations=4 (full 1):
 PSYoungGen      total 33280K, used 0K [0x00000000eab00000, 0x00000000eec00000, 0x0000000100000000)
  eden space 30720K, 0% used [0x00000000eab00000,0x00000000eab00000,0x00000000ec900000)
  from space 2560K, 0% used [0x00000000ec900000,0x00000000ec900000,0x00000000ecb80000)
  to   space 2560K, 0% used [0x00000000ee980000,0x00000000ee980000,0x00000000eec00000)
 ParOldGen       total 78848K, used 36158K [0x00000000c0000000, 0x00000000c4d00000, 0x00000000eab00000)
  object space 78848K, 45% used [0x00000000c0000000,0x00000000c234f8c0,0x00000000c4d00000)
 Metaspace       used 5211K, capacity 6576K, committed 6784K, reserved 1056768K
  class space    used 533K, capacity 616K, committed 640K, reserved 1048576K
}
Event: 2,838 GC heap before
{Heap before GC invocations=5 (full 1):
 PSYoungGen      total 33280K, used 30720K [0x00000000eab00000, 0x00000000eec00000, 0x0000000100000000)
  eden space 30720K, 100% used [0x00000000eab00000,0x00000000ec900000,0x00000000ec900000)
  from space 2560K, 0% used [0x00000000ec900000,0x00000000ec900000,0x00000000ecb80000)
  to   space 2560K, 0% used [0x00000000ee980000,0x00000000ee980000,0x00000000eec00000)
 ParOldGen       total 78848K, used 36158K [0x00000000c0000000, 0x00000000c4d00000, 0x00000000eab00000)
  object space 78848K, 45% used [0x00000000c0000000,0x00000000c234f8c0,0x00000000c4d00000)
 Metaspace       used 5256K, capacity 6576K, committed 6784K, reserved 1056768K
  class space    used 535K, capacity 616K, committed 640K, reserved 1048576K
Event: 2,848 GC heap after
Heap after GC invocations=5 (full 1):
 PSYoungGen      total 58368K, used 2539K [0x00000000eab00000, 0x00000000eec00000, 0x0000000100000000)
  eden space 55808K, 0% used [0x00000000eab00000,0x00000000eab00000,0x00000000ee180000)
  from space 2560K, 99% used [0x00000000ee980000,0x00000000eebfac00,0x00000000eec00000)
  to   space 2560K, 0% used [0x00000000ee700000,0x00000000ee700000,0x00000000ee980000)
 ParOldGen       total 78848K, used 40025K [0x00000000c0000000, 0x00000000c4d00000, 0x00000000eab00000)
  object space 78848K, 50% used [0x00000000c0000000,0x00000000c27164d0,0x00000000c4d00000)
 Metaspace       used 5256K, capacity 6576K, committed 6784K, reserved 1056768K
  class space    used 535K, capacity 616K, committed 640K, reserved 1048576K
}
Event: 4,322 GC heap before
{Heap before GC invocations=6 (full 1):
 PSYoungGen      total 58368K, used 58347K [0x00000000eab00000, 0x00000000eec00000, 0x0000000100000000)
  eden space 55808K, 100% used [0x00000000eab00000,0x00000000ee180000,0x00000000ee180000)
  from space 2560K, 99% used [0x00000000ee980000,0x00000000eebfac00,0x00000000eec00000)
  to   space 2560K, 0% used [0x00000000ee700000,0x00000000ee700000,0x00000000ee980000)
 ParOldGen       total 78848K, used 40025K [0x00000000c0000000, 0x00000000c4d00000, 0x00000000eab00000)
  object space 78848K, 50% used [0x00000000c0000000,0x00000000c27164d0,0x00000000c4d00000)
 Metaspace       used 5519K, capacity 6832K, committed 7040K, reserved 1056768K
  class space    used 541K, capacity 616K, committed 640K, reserved 1048576K

Deoptimization events (10 events):
Event: 4,006 Thread 0x00007f087800a000 Uncommon trap: reason=bimorphic action=maybe_recompile pc=0x00007f08684742ec method=com.android.dx.rop.code.RegisterSpec.getType()Lcom/android/dx/rop/type/Type; @ 4
Event: 4,018 Thread 0x00007f087800a000 Uncommon trap: reason=unreached action=reinterpret pc=0x00007f08686221d0 method=com.android.dx.ssa.SCCP.simulateStmt(Lcom/android/dx/ssa/SsaInsn;)V @ 418
Event: 4,019 Thread 0x00007f087800a000 Uncommon trap: reason=unreached action=reinterpret pc=0x00007f086854b9bc method=com.android.dx.ssa.SsaMethod.updateOneDefinition(Lcom/android/dx/ssa/SsaInsn;Lcom/android/dx/rop/code/RegisterSpec;)V @ 4
Event: 4,098 Thread 0x00007f087800a000 Uncommon trap: reason=unreached action=reinterpret pc=0x00007f086859bc04 method=com.android.dx.util.LabeledList.set(ILcom/android/dx/util/LabeledItem;)V @ 16
Event: 4,098 Thread 0x00007f087800a000 Uncommon trap: reason=unreached action=reinterpret pc=0x00007f08684a10d4 method=com.android.dx.util.LabeledList.set(ILcom/android/dx/util/LabeledItem;)V @ 16
Event: 4,130 Thread 0x00007f087800a000 Uncommon trap: reason=bimorphic action=maybe_recompile pc=0x00007f0868501678 method=com.android.dx.rop.code.RegisterSpec.equals(ILcom/android/dx/rop/type/TypeBearer;Lcom/android/dx/rop/code/LocalItem;)Z @ 13
Event: 4,130 Thread 0x00007f087800a000 Uncommon trap: reason=bimorphic action=maybe_recompile pc=0x00007f0868501678 method=com.android.dx.rop.code.RegisterSpec.equals(ILcom/android/dx/rop/type/TypeBearer;Lcom/android/dx/rop/code/LocalItem;)Z @ 13
Event: 4,130 Thread 0x00007f087800a000 Uncommon trap: reason=bimorphic action=maybe_recompile pc=0x00007f0868501678 method=com.android.dx.rop.code.RegisterSpec.equals(ILcom/android/dx/rop/type/TypeBearer;Lcom/android/dx/rop/code/LocalItem;)Z @ 13
Event: 4,139 Thread 0x00007f087800a000 Uncommon trap: reason=bimorphic action=maybe_recompile pc=0x00007f0868501678 method=com.android.dx.rop.code.RegisterSpec.equals(ILcom/android/dx/rop/type/TypeBearer;Lcom/android/dx/rop/code/LocalItem;)Z @ 13
Event: 4,139 Thread 0x00007f087800a000 Uncommon trap: reason=bimorphic action=maybe_recompile pc=0x00007f08684fe48c method=com.android.dx.rop.code.RegisterSpec.equals(ILcom/android/dx/rop/type/TypeBearer;Lcom/android/dx/rop/code/LocalItem;)Z @ 13

Internal exceptions (10 events):
Event: 3,391 Thread 0x00007f087800a000 Implicit null exception at 0x00007f08684da6f4 to 0x00007f08684db641
Event: 3,393 Thread 0x00007f087800a000 Implicit null exception at 0x00007f08685ca574 to 0x00007f08685cb3cd
Event: 3,479 Thread 0x00007f087800a000 Exception <a 'java/security/PrivilegedActionException'> (0x00000000ed06bc28) thrown at [/HUDSON/workspace/8-2-build-linux-amd64/jdk8u20/1074/hotspot/src/share/vm/prims/jvm.cpp, line 1275]
Event: 3,480 Thread 0x00007f087800a000 Exception <a 'java/security/PrivilegedActionException'> (0x00000000ed06e2a0) thrown at [/HUDSON/workspace/8-2-build-linux-amd64/jdk8u20/1074/hotspot/src/share/vm/prims/jvm.cpp, line 1275]
Event: 3,481 Thread 0x00007f087800a000 Exception <a 'java/security/PrivilegedActionException'> (0x00000000ed0714c0) thrown at [/HUDSON/workspace/8-2-build-linux-amd64/jdk8u20/1074/hotspot/src/share/vm/prims/jvm.cpp, line 1275]
Event: 3,481 Thread 0x00007f087800a000 Exception <a 'java/security/PrivilegedActionException'> (0x00000000ed0750d0) thrown at [/HUDSON/workspace/8-2-build-linux-amd64/jdk8u20/1074/hotspot/src/share/vm/prims/jvm.cpp, line 1275]
Event: 3,481 Thread 0x00007f087800a000 Exception <a 'java/security/PrivilegedActionException'> (0x00000000ed0774c0) thrown at [/HUDSON/workspace/8-2-build-linux-amd64/jdk8u20/1074/hotspot/src/share/vm/prims/jvm.cpp, line 1275]
Event: 3,483 Thread 0x00007f087800a000 Exception <a 'java/security/PrivilegedActionException'> (0x00000000ed0821d8) thrown at [/HUDSON/workspace/8-2-build-linux-amd64/jdk8u20/1074/hotspot/src/share/vm/prims/jvm.cpp, line 1275]
Event: 4,038 Thread 0x00007f087800a000 Exception <a 'java/security/PrivilegedActionException'> (0x00000000ed263320) thrown at [/HUDSON/workspace/8-2-build-linux-amd64/jdk8u20/1074/hotspot/src/share/vm/prims/jvm.cpp, line 1275]
Event: 4,073 Thread 0x00007f087800a000 Exception <a 'java/security/PrivilegedActionException'> (0x00000000ed2c50f0) thrown at [/HUDSON/workspace/8-2-build-linux-amd64/jdk8u20/1074/hotspot/src/share/vm/prims/jvm.cpp, line 1275]

Events (10 events):
Event: 4,139 Thread 0x00007f087800a000 DEOPT UNPACKING pc=0x00007f0868172f69 sp=0x00007f087e110af8 mode 2
Event: 4,151 Thread 0x00007f087800a000 DEOPT PACKING pc=0x00007f08685286d9 sp=0x00007f087e110d00
Event: 4,151 Thread 0x00007f087800a000 DEOPT UNPACKING pc=0x00007f08681b4f73 sp=0x00007f087e110a90 mode 0
Event: 4,151 Thread 0x00007f087800a000 DEOPT PACKING pc=0x00007f08685331c9 sp=0x00007f087e110b80
Event: 4,151 Thread 0x00007f087800a000 DEOPT UNPACKING pc=0x00007f08681b4f73 sp=0x00007f087e110968 mode 0
Event: 4,217 Thread 0x00007f087800a000 DEOPT PACKING pc=0x00007f08685286d9 sp=0x00007f087e110d40
Event: 4,217 Thread 0x00007f087800a000 DEOPT UNPACKING pc=0x00007f08681b4f73 sp=0x00007f087e110ae0 mode 0
Event: 4,304 Thread 0x00007f087800a000 DEOPT PACKING pc=0x00007f086858736f sp=0x00007f087e110b30
Event: 4,304 Thread 0x00007f087800a000 DEOPT UNPACKING pc=0x00007f08681b4f73 sp=0x00007f087e1108e8 mode 0
Event: 4,322 Executing VM operation: ParallelGCFailedAllocation


Dynamic libraries:
00400000-00401000 r-xp 00000000 08:05 9179233                            /usr/lib/jvm/java-8-oracle/jre/bin/java
00600000-00601000 rw-p 00000000 08:05 9179233                            /usr/lib/jvm/java-8-oracle/jre/bin/java
01774000-01795000 rw-p 00000000 00:00 0                                  [heap]
c0000000-c4d00000 rw-p 00000000 00:00 0 
c4d00000-eab00000 ---p 00000000 00:00 0 
eab00000-eec00000 rw-p 00000000 00:00 0 
f4100000-100000000 ---p 00000000 00:00 0 
100000000-1000a0000 rw-p 00000000 00:00 0 
1000a0000-140000000 ---p 00000000 00:00 0 
7f0828000000-7f0828021000 rw-p 00000000 00:00 0 
7f0828021000-7f082c000000 ---p 00000000 00:00 0 
7f082c000000-7f082c021000 rw-p 00000000 00:00 0 
7f082c021000-7f0830000000 ---p 00000000 00:00 0 
7f0830000000-7f0830690000 rw-p 00000000 00:00 0 
7f0830690000-7f0834000000 ---p 00000000 00:00 0 
7f0834000000-7f08346d5000 rw-p 00000000 00:00 0 
7f08346d5000-7f0838000000 ---p 00000000 00:00 0 
7f0838000000-7f0838021000 rw-p 00000000 00:00 0 
7f0838021000-7f083c000000 ---p 00000000 00:00 0 
7f083c000000-7f083c89e000 rw-p 00000000 00:00 0 
7f083c89e000-7f0840000000 ---p 00000000 00:00 0 
7f0840000000-7f0840021000 rw-p 00000000 00:00 0 
7f0840021000-7f0844000000 ---p 00000000 00:00 0 
7f0844000000-7f0844021000 rw-p 00000000 00:00 0 
7f0844021000-7f0848000000 ---p 00000000 00:00 0 
7f0848000000-7f0848021000 rw-p 00000000 00:00 0 
7f0848021000-7f084c000000 ---p 00000000 00:00 0 
7f084c000000-7f084c2b2000 rw-p 00000000 00:00 0 
7f084c2b2000-7f0850000000 ---p 00000000 00:00 0 
7f0850000000-7f0850021000 rw-p 00000000 00:00 0 
7f0850021000-7f0854000000 ---p 00000000 00:00 0 
7f0858000000-7f0858021000 rw-p 00000000 00:00 0 
7f0858021000-7f085c000000 ---p 00000000 00:00 0 
7f085eaea000-7f085eb10000 r--p 00000000 08:05 9720599                    /usr/share/locale-langpack/es/LC_MESSAGES/libc.mo
7f085eb10000-7f085eb11000 ---p 00000000 00:00 0 
7f085eb11000-7f085ec11000 rw-p 00000000 00:00 0                          [stack:13515]
7f085ec11000-7f085ec14000 ---p 00000000 00:00 0 
7f085ec14000-7f085ed12000 rw-p 00000000 00:00 0                          [stack:13514]
7f085ed12000-7f085ed15000 ---p 00000000 00:00 0 
7f085ed15000-7f085ee13000 rw-p 00000000 00:00 0                          [stack:13513]
7f085ee13000-7f085ee16000 ---p 00000000 00:00 0 
7f085ee16000-7f085ef14000 rw-p 00000000 00:00 0                          [stack:13512]
7f085ef14000-7f085ef17000 ---p 00000000 00:00 0 
7f085ef17000-7f085f015000 rw-p 00000000 00:00 0                          [stack:13511]
7f085f015000-7f085f018000 ---p 00000000 00:00 0 
7f085f018000-7f085f116000 rw-p 00000000 00:00 0                          [stack:13510]
7f085f116000-7f085f7f8000 r--p 00000000 08:05 8395690                    /usr/lib/locale/locale-archive
7f085f7f8000-7f085f7fb000 ---p 00000000 00:00 0 
7f085f7fb000-7f085f8f9000 rw-p 00000000 00:00 0                          [stack:13509]
7f085f8f9000-7f085f8fc000 ---p 00000000 00:00 0 
7f085f8fc000-7f085f9fa000 rw-p 00000000 00:00 0                          [stack:13508]
7f085f9fa000-7f085f9fb000 ---p 00000000 00:00 0 
7f085f9fb000-7f0860000000 rw-p 00000000 00:00 0                          [stack:13507]
7f0860000000-7f0860021000 rw-p 00000000 00:00 0 
7f0860021000-7f0864000000 ---p 00000000 00:00 0 
7f086401d000-7f0864073000 r--s 00303000 00:19 11537737                   /home/uni/Dropbox/Informatica/Cuarto/proyecto/app/Reja/app/build/intermediates/exploded-aar/com.google.android.gms/play-services/6.5.87/classes.jar
7f0864073000-7f0864a7d000 rw-p 00000000 00:00 0 
7f0864a7d000-7f0864c53000 r--s 03ca8000 08:05 9179517                    /usr/lib/jvm/java-8-oracle/jre/lib/rt.jar
7f0864c53000-7f0865293000 rw-p 00000000 00:00 0 
7f0865293000-7f0865453000 ---p 00000000 00:00 0 
7f0865453000-7f0867653000 rw-p 00000000 00:00 0 
7f0867653000-7f0867654000 ---p 00000000 00:00 0 
7f0867654000-7f0867754000 rw-p 00000000 00:00 0                          [stack:13506]
7f0867754000-7f0867755000 ---p 00000000 00:00 0 
7f0867755000-7f0867855000 rw-p 00000000 00:00 0                          [stack:13505]
7f0867855000-7f0867856000 ---p 00000000 00:00 0 
7f0867856000-7f0867956000 rw-p 00000000 00:00 0                          [stack:13504]
7f0867956000-7f0867957000 ---p 00000000 00:00 0 
7f0867957000-7f0867a7e000 rw-p 00000000 00:00 0                          [stack:13503]
7f0867a7e000-7f0867bad000 ---p 00000000 00:00 0 
7f0867bad000-7f0867bd4000 rw-p 00000000 00:00 0 
7f0867bd4000-7f0867d02000 ---p 00000000 00:00 0 
7f0867d02000-7f0867d23000 rw-p 00000000 00:00 0 
7f0867d23000-7f0867dad000 ---p 00000000 00:00 0 
7f0867dad000-7f0867dc5000 rw-p 00000000 00:00 0 
7f0867dc5000-7f086816e000 ---p 00000000 00:00 0 
7f086816e000-7f086871e000 rwxp 00000000 00:00 0 
7f086871e000-7f087716e000 ---p 00000000 00:00 0 
7f087716e000-7f0877188000 r-xp 00000000 08:05 9179251                    /usr/lib/jvm/java-8-oracle/jre/lib/amd64/libzip.so
7f0877188000-7f0877388000 ---p 0001a000 08:05 9179251                    /usr/lib/jvm/java-8-oracle/jre/lib/amd64/libzip.so
7f0877388000-7f0877389000 rw-p 0001a000 08:05 9179251                    /usr/lib/jvm/java-8-oracle/jre/lib/amd64/libzip.so
7f0877389000-7f0877394000 r-xp 00000000 08:05 4725556                    /lib/x86_64-linux-gnu/libnss_files-2.19.so
7f0877394000-7f0877593000 ---p 0000b000 08:05 4725556                    /lib/x86_64-linux-gnu/libnss_files-2.19.so
7f0877593000-7f0877594000 r--p 0000a000 08:05 4725556                    /lib/x86_64-linux-gnu/libnss_files-2.19.so
7f0877594000-7f0877595000 rw-p 0000b000 08:05 4725556                    /lib/x86_64-linux-gnu/libnss_files-2.19.so
7f0877595000-7f08775a0000 r-xp 00000000 08:05 4725553                    /lib/x86_64-linux-gnu/libnss_nis-2.19.so
7f08775a0000-7f087779f000 ---p 0000b000 08:05 4725553                    /lib/x86_64-linux-gnu/libnss_nis-2.19.so
7f087779f000-7f08777a0000 r--p 0000a000 08:05 4725553                    /lib/x86_64-linux-gnu/libnss_nis-2.19.so
7f08777a0000-7f08777a1000 rw-p 0000b000 08:05 4725553                    /lib/x86_64-linux-gnu/libnss_nis-2.19.so
7f08777a1000-7f08777b8000 r-xp 00000000 08:05 4725547                    /lib/x86_64-linux-gnu/libnsl-2.19.so
7f08777b8000-7f08779b7000 ---p 00017000 08:05 4725547                    /lib/x86_64-linux-gnu/libnsl-2.19.so
7f08779b7000-7f08779b8000 r--p 00016000 08:05 4725547                    /lib/x86_64-linux-gnu/libnsl-2.19.so
7f08779b8000-7f08779b9000 rw-p 00017000 08:05 4725547                    /lib/x86_64-linux-gnu/libnsl-2.19.so
7f08779b9000-7f08779bb000 rw-p 00000000 00:00 0 
7f08779bb000-7f08779c4000 r-xp 00000000 08:05 4725544                    /lib/x86_64-linux-gnu/libnss_compat-2.19.so
7f08779c4000-7f0877bc3000 ---p 00009000 08:05 4725544                    /lib/x86_64-linux-gnu/libnss_compat-2.19.so
7f0877bc3000-7f0877bc4000 r--p 00008000 08:05 4725544                    /lib/x86_64-linux-gnu/libnss_compat-2.19.so
7f0877bc4000-7f0877bc5000 rw-p 00009000 08:05 4725544                    /lib/x86_64-linux-gnu/libnss_compat-2.19.so
7f0877bc5000-7f0877bef000 r-xp 00000000 08:05 9179257                    /usr/lib/jvm/java-8-oracle/jre/lib/amd64/libjava.so
7f0877bef000-7f0877def000 ---p 0002a000 08:05 9179257                    /usr/lib/jvm/java-8-oracle/jre/lib/amd64/libjava.so
7f0877def000-7f0877df1000 rw-p 0002a000 08:05 9179257                    /usr/lib/jvm/java-8-oracle/jre/lib/amd64/libjava.so
7f0877df1000-7f0877dfe000 r-xp 00000000 08:05 9179280                    /usr/lib/jvm/java-8-oracle/jre/lib/amd64/libverify.so
7f0877dfe000-7f0877ffe000 ---p 0000d000 08:05 9179280                    /usr/lib/jvm/java-8-oracle/jre/lib/amd64/libverify.so
7f0877ffe000-7f0878000000 rw-p 0000d000 08:05 9179280                    /usr/lib/jvm/java-8-oracle/jre/lib/amd64/libverify.so
7f0878000000-7f0878458000 rw-p 00000000 00:00 0 
7f0878458000-7f087c000000 ---p 00000000 00:00 0 
7f087c011000-7f087c087000 rw-p 00000000 00:00 0 
7f087c087000-7f087c08e000 r-xp 00000000 08:05 4725539                    /lib/x86_64-linux-gnu/librt-2.19.so
7f087c08e000-7f087c28d000 ---p 00007000 08:05 4725539                    /lib/x86_64-linux-gnu/librt-2.19.so
7f087c28d000-7f087c28e000 r--p 00006000 08:05 4725539                    /lib/x86_64-linux-gnu/librt-2.19.so
7f087c28e000-7f087c28f000 rw-p 00007000 08:05 4725539                    /lib/x86_64-linux-gnu/librt-2.19.so
7f087c28f000-7f087c394000 r-xp 00000000 08:05 4725546                    /lib/x86_64-linux-gnu/libm-2.19.so
7f087c394000-7f087c593000 ---p 00105000 08:05 4725546                    /lib/x86_64-linux-gnu/libm-2.19.so
7f087c593000-7f087c594000 r--p 00104000 08:05 4725546                    /lib/x86_64-linux-gnu/libm-2.19.so
7f087c594000-7f087c595000 rw-p 00105000 08:05 4725546                    /lib/x86_64-linux-gnu/libm-2.19.so
7f087c595000-7f087d1ff000 r-xp 00000000 08:05 9179292                    /usr/lib/jvm/java-8-oracle/jre/lib/amd64/server/libjvm.so
7f087d1ff000-7f087d3fe000 ---p 00c6a000 08:05 9179292                    /usr/lib/jvm/java-8-oracle/jre/lib/amd64/server/libjvm.so
7f087d3fe000-7f087d4d5000 rw-p 00c69000 08:05 9179292                    /usr/lib/jvm/java-8-oracle/jre/lib/amd64/server/libjvm.so
7f087d4d5000-7f087d517000 rw-p 00000000 00:00 0 
7f087d517000-7f087d6d2000 r-xp 00000000 08:05 4725538                    /lib/x86_64-linux-gnu/libc-2.19.so
7f087d6d2000-7f087d8d2000 ---p 001bb000 08:05 4725538                    /lib/x86_64-linux-gnu/libc-2.19.so
7f087d8d2000-7f087d8d6000 r--p 001bb000 08:05 4725538                    /lib/x86_64-linux-gnu/libc-2.19.so
7f087d8d6000-7f087d8d8000 rw-p 001bf000 08:05 4725538                    /lib/x86_64-linux-gnu/libc-2.19.so
7f087d8d8000-7f087d8dd000 rw-p 00000000 00:00 0 
7f087d8dd000-7f087d8e0000 r-xp 00000000 08:05 4725542                    /lib/x86_64-linux-gnu/libdl-2.19.so
7f087d8e0000-7f087dadf000 ---p 00003000 08:05 4725542                    /lib/x86_64-linux-gnu/libdl-2.19.so
7f087dadf000-7f087dae0000 r--p 00002000 08:05 4725542                    /lib/x86_64-linux-gnu/libdl-2.19.so
7f087dae0000-7f087dae1000 rw-p 00003000 08:05 4725542                    /lib/x86_64-linux-gnu/libdl-2.19.so
7f087dae1000-7f087daf6000 r-xp 00000000 08:05 9179295                    /usr/lib/jvm/java-8-oracle/jre/lib/amd64/jli/libjli.so
7f087daf6000-7f087dcf5000 ---p 00015000 08:05 9179295                    /usr/lib/jvm/java-8-oracle/jre/lib/amd64/jli/libjli.so
7f087dcf5000-7f087dcf6000 rw-p 00014000 08:05 9179295                    /usr/lib/jvm/java-8-oracle/jre/lib/amd64/jli/libjli.so
7f087dcf6000-7f087dd0f000 r-xp 00000000 08:05 4725555                    /lib/x86_64-linux-gnu/libpthread-2.19.so
7f087dd0f000-7f087df0e000 ---p 00019000 08:05 4725555                    /lib/x86_64-linux-gnu/libpthread-2.19.so
7f087df0e000-7f087df0f000 r--p 00018000 08:05 4725555                    /lib/x86_64-linux-gnu/libpthread-2.19.so
7f087df0f000-7f087df10000 rw-p 00019000 08:05 4725555                    /lib/x86_64-linux-gnu/libpthread-2.19.so
7f087df10000-7f087df14000 rw-p 00000000 00:00 0 
7f087df14000-7f087df37000 r-xp 00000000 08:05 4724428                    /lib/x86_64-linux-gnu/ld-2.19.so
7f087df4d000-7f087df54000 r--s 00000000 08:05 8790300                    /usr/lib/x86_64-linux-gnu/gconv/gconv-modules.cache
7f087df54000-7f087e012000 rw-p 00000000 00:00 0 
7f087e012000-7f087e015000 ---p 00000000 00:00 0 
7f087e015000-7f087e117000 rw-p 00000000 00:00 0                          [stack:13502]
7f087e11a000-7f087e11b000 rw-p 00000000 00:00 0 
7f087e11b000-7f087e12a000 r--s 000dd000 00:19 3670502                    /home/uni/Android/Sdk/build-tools/21.1.2/lib/dx.jar
7f087e12a000-7f087e132000 rw-s 00000000 08:05 3670429                    /tmp/hsperfdata_uni/13493
7f087e132000-7f087e133000 rw-p 00000000 00:00 0 
7f087e133000-7f087e134000 ---p 00000000 00:00 0 
7f087e134000-7f087e136000 rw-p 00000000 00:00 0 
7f087e136000-7f087e137000 r--p 00022000 08:05 4724428                    /lib/x86_64-linux-gnu/ld-2.19.so
7f087e137000-7f087e138000 rw-p 00023000 08:05 4724428                    /lib/x86_64-linux-gnu/ld-2.19.so
7f087e138000-7f087e139000 rw-p 00000000 00:00 0 
7fff5bb53000-7fff5bb74000 rw-p 00000000 00:00 0                          [stack]
7fff5bb93000-7fff5bb95000 r-xp 00000000 00:00 0                          [vdso]
ffffffffff600000-ffffffffff601000 r-xp 00000000 00:00 0                  [vsyscall]

VM Arguments:
jvm_args: -Xmx1024M 
java_command: /home/uni/Android/Sdk/build-tools/21.1.2/lib/dx.jar --dex --output /home/uni/Dropbox/Informatica/Cuarto/proyecto/app/Reja/app/build/intermediates/pre-dexed/debug/classes-f38f10a7ed93e0f6f288ffb7bdfd44de593f9832.jar /home/uni/Dropbox/Informatica/Cuarto/proyecto/app/Reja/app/build/intermediates/exploded-aar/com.google.android.gms/play-services/6.5.87/classes.jar
java_class_path (initial): /home/uni/Android/Sdk/build-tools/21.1.2/lib/dx.jar
Launcher Type: SUN_STANDARD

Environment Variables:
CLASSPATH=/home/uni/android-studio/bin/../lib/bootstrap.jar:/home/uni/android-studio/bin/../lib/extensions.jar:/home/uni/android-studio/bin/../lib/util.jar:/home/uni/android-studio/bin/../lib/jdom.jar:/home/uni/android-studio/bin/../lib/log4j.jar:/home/uni/android-studio/bin/../lib/trove4j.jar:/home/uni/android-studio/bin/../lib/jna.jar:/usr/lib/jvm/java-8-oracle/lib/tools.jar
PATH=/usr/local/sbin:/usr/local/bin:/usr/sbin:/usr/bin:/sbin:/bin:/usr/games:/usr/local/games:/home/uni/android-studio/bin/
USERNAME=uni
LD_LIBRARY_PATH=/home/uni/android-studio/bin:/usr/lib32
SHELL=/bin/bash
DISPLAY=:0.0

Signal Handlers:
SIGSEGV: [libjvm.so+0xa77530], sa_mask[0]=11111111011111111101111111111110, sa_flags=SA_RESTART|SA_SIGINFO
SIGBUS: [libjvm.so+0xa77530], sa_mask[0]=11111111011111111101111111111110, sa_flags=SA_RESTART|SA_SIGINFO
SIGFPE: [libjvm.so+0x8e1d90], sa_mask[0]=11111111011111111101111111111110, sa_flags=SA_RESTART|SA_SIGINFO
SIGPIPE: [libjvm.so+0x8e1d90], sa_mask[0]=11111111011111111101111111111110, sa_flags=SA_RESTART|SA_SIGINFO
SIGXFSZ: [libjvm.so+0x8e1d90], sa_mask[0]=11111111011111111101111111111110, sa_flags=SA_RESTART|SA_SIGINFO
SIGILL: [libjvm.so+0x8e1d90], sa_mask[0]=11111111011111111101111111111110, sa_flags=SA_RESTART|SA_SIGINFO
SIGUSR1: SIG_DFL, sa_mask[0]=00000000000000000000000000000000, sa_flags=none
SIGUSR2: [libjvm.so+0x8e35c0], sa_mask[0]=00100000000000000000000000000000, sa_flags=SA_RESTART|SA_SIGINFO
SIGHUP: [libjvm.so+0x8e4980], sa_mask[0]=11111111011111111101111111111110, sa_flags=SA_RESTART|SA_SIGINFO
SIGINT: [libjvm.so+0x8e4980], sa_mask[0]=11111111011111111101111111111110, sa_flags=SA_RESTART|SA_SIGINFO
SIGTERM: [libjvm.so+0x8e4980], sa_mask[0]=11111111011111111101111111111110, sa_flags=SA_RESTART|SA_SIGINFO
SIGQUIT: [libjvm.so+0x8e4980], sa_mask[0]=11111111011111111101111111111110, sa_flags=SA_RESTART|SA_SIGINFO


---------------  S Y S T E M  ---------------

OS:DISTRIB_ID=Ubuntu
DISTRIB_RELEASE=14.04
DISTRIB_CODENAME=trusty
DISTRIB_DESCRIPTION="Ubuntu 14.04.1 LTS"

uname:Linux 3.13.0-35-generic #62-Ubuntu SMP Fri Aug 15 01:58:42 UTC 2014 x86_64
libc:glibc 2.19 NPTL 2.19 
rlimit: STACK 8192k, CORE 0k, NPROC 30312, NOFILE 4096, AS infinity
load average:2,78 1,90 1,68

/proc/meminfo:
MemTotal:        3907672 kB
MemFree:          104620 kB
Buffers:            1224 kB
Cached:            82256 kB
SwapCached:            0 kB
Active:          2833384 kB
Inactive:          80396 kB
Active(anon):    2832092 kB
Inactive(anon):    41948 kB
Active(file):       1292 kB
Inactive(file):    38448 kB
Unevictable:         116 kB
Mlocked:             116 kB
SwapTotal:             0 kB
SwapFree:              0 kB
Dirty:               324 kB
Writeback:             0 kB
AnonPages:       2830916 kB
Mapped:           573208 kB
Shmem:             43248 kB
Slab:              68756 kB
SReclaimable:      24884 kB
SUnreclaim:        43872 kB
KernelStack:        4328 kB
PageTables:        31592 kB
NFS_Unstable:          0 kB
Bounce:                0 kB
WritebackTmp:          0 kB
CommitLimit:     1953836 kB
Committed_AS:    5412828 kB
VmallocTotal:   34359738367 kB
VmallocUsed:      298716 kB
VmallocChunk:   34359434828 kB
HardwareCorrupted:     0 kB
AnonHugePages:    905216 kB
HugePages_Total:       0
HugePages_Free:        0
HugePages_Rsvd:        0
HugePages_Surp:        0
Hugepagesize:       2048 kB
DirectMap4k:     3126160 kB
DirectMap2M:      925696 kB


CPU:total 4 (2 cores per cpu, 2 threads per core) family 6 model 37 stepping 5, cmov, cx8, fxsr, mmx, sse, sse2, sse3, ssse3, sse4.1, sse4.2, popcnt, ht, tsc, tscinvbit

/proc/cpuinfo:
processor	: 0
vendor_id	: GenuineIntel
cpu family	: 6
model		: 37
model name	: Intel(R) Core(TM) i5 CPU       M 460  @ 2.53GHz
stepping	: 5
microcode	: 0x2
cpu MHz		: 2534.000
cache size	: 3072 KB
physical id	: 0
siblings	: 4
core id		: 0
cpu cores	: 2
apicid		: 0
initial apicid	: 0
fpu		: yes
fpu_exception	: yes
cpuid level	: 11
wp		: yes
flags		: fpu vme de pse tsc msr pae mce cx8 apic sep mtrr pge mca cmov pat pse36 clflush dts acpi mmx fxsr sse sse2 ss ht tm pbe syscall nx rdtscp lm constant_tsc arch_perfmon pebs bts rep_good nopl xtopology nonstop_tsc aperfmperf pni dtes64 monitor ds_cpl vmx est tm2 ssse3 cx16 xtpr pdcm pcid sse4_1 sse4_2 popcnt lahf_lm ida arat dtherm tpr_shadow vnmi flexpriority ept vpid
bogomips	: 5054.39
clflush size	: 64
cache_alignment	: 64
address sizes	: 36 bits physical, 48 bits virtual
power management:

processor	: 1
vendor_id	: GenuineIntel
cpu family	: 6
model		: 37
model name	: Intel(R) Core(TM) i5 CPU       M 460  @ 2.53GHz
stepping	: 5
microcode	: 0x2
cpu MHz		: 2534.000
cache size	: 3072 KB
physical id	: 0
siblings	: 4
core id		: 2
cpu cores	: 2
apicid		: 4
initial apicid	: 4
fpu		: yes
fpu_exception	: yes
cpuid level	: 11
wp		: yes
flags		: fpu vme de pse tsc msr pae mce cx8 apic sep mtrr pge mca cmov pat pse36 clflush dts acpi mmx fxsr sse sse2 ss ht tm pbe syscall nx rdtscp lm constant_tsc arch_perfmon pebs bts rep_good nopl xtopology nonstop_tsc aperfmperf pni dtes64 monitor ds_cpl vmx est tm2 ssse3 cx16 xtpr pdcm pcid sse4_1 sse4_2 popcnt lahf_lm ida arat dtherm tpr_shadow vnmi flexpriority ept vpid
bogomips	: 5054.39
clflush size	: 64
cache_alignment	: 64
address sizes	: 36 bits physical, 48 bits virtual
power management:

processor	: 2
vendor_id	: GenuineIntel
cpu family	: 6
model		: 37
model name	: Intel(R) Core(TM) i5 CPU       M 460  @ 2.53GHz
stepping	: 5
microcode	: 0x2
cpu MHz		: 2534.000
cache size	: 3072 KB
physical id	: 0
siblings	: 4
core id		: 0
cpu cores	: 2
apicid		: 1
initial apicid	: 1
fpu		: yes
fpu_exception	: yes
cpuid level	: 11
wp		: yes
flags		: fpu vme de pse tsc msr pae mce cx8 apic sep mtrr pge mca cmov pat pse36 clflush dts acpi mmx fxsr sse sse2 ss ht tm pbe syscall nx rdtscp lm constant_tsc arch_perfmon pebs bts rep_good nopl xtopology nonstop_tsc aperfmperf pni dtes64 monitor ds_cpl vmx est tm2 ssse3 cx16 xtpr pdcm pcid sse4_1 sse4_2 popcnt lahf_lm ida arat dtherm tpr_shadow vnmi flexpriority ept vpid
bogomips	: 5054.39
clflush size	: 64
cache_alignment	: 64
address sizes	: 36 bits physical, 48 bits virtual
power management:

processor	: 3
vendor_id	: GenuineIntel
cpu family	: 6
model		: 37
model name	: Intel(R) Core(TM) i5 CPU       M 460  @ 2.53GHz
stepping	: 5
microcode	: 0x2
cpu MHz		: 2534.000
cache size	: 3072 KB
physical id	: 0
siblings	: 4
core id		: 2
cpu cores	: 2
apicid		: 5
initial apicid	: 5
fpu		: yes
fpu_exception	: yes
cpuid level	: 11
wp		: yes
flags		: fpu vme de pse tsc msr pae mce cx8 apic sep mtrr pge mca cmov pat pse36 clflush dts acpi mmx fxsr sse sse2 ss ht tm pbe syscall nx rdtscp lm constant_tsc arch_perfmon pebs bts rep_good nopl xtopology nonstop_tsc aperfmperf pni dtes64 monitor ds_cpl vmx est tm2 ssse3 cx16 xtpr pdcm pcid sse4_1 sse4_2 popcnt lahf_lm ida arat dtherm tpr_shadow vnmi flexpriority ept vpid
bogomips	: 5054.39
clflush size	: 64
cache_alignment	: 64
address sizes	: 36 bits physical, 48 bits virtual
power management:



Memory: 4k page, physical 3907672k(104620k free), swap 0k(0k free)

vm_info: Java HotSpot(TM) 64-Bit Server VM (25.20-b23) for linux-amd64 JRE (1.8.0_20-b26), built on Jul 30 2014 13:13:52 by "java_re" with gcc 4.3.0 20080428 (Red Hat 4.3.0-8)

time: Thu Feb  5 12:44:02 2015
elapsed time: 9 seconds (0d 0h 0m 9s)

